<?xml version="1.0" encoding="UTF-8"?>
<!-- Generated by org.testng.reporters.JUnitReportReporter -->
<testsuite skipped="0" hostname="AADHAR-L-PC13" name="com.qa.sut.testClasses.LoginTest" tests="2" failures="0" timestamp="2021-02-17T16:27:39 IST" time="4.595" errors="0">
  <testcase name="verifyPageTitle" time="0.012" classname="com.qa.sut.testClasses.LoginTest"/>
  <system-out/>
  <testcase name="verifyLogin" time="4.583" classname="com.qa.sut.testClasses.LoginTest"/>
  <system-out/>
</testsuite> <!-- com.qa.sut.testClasses.LoginTest -->
