<?xml version="1.0" encoding="UTF-8"?>
<!-- Generated by org.testng.reporters.JUnitReportReporter -->
<testsuite skipped="0" hostname="AADHAR-L-PC13" name="com.qa.sut.testClasses.HomeTest" tests="1" failures="0" timestamp="2021-02-17T16:54:20 IST" time="4.746" errors="0">
  <testcase name="verifyLogOut" time="4.746" classname="com.qa.sut.testClasses.HomeTest"/>
  <system-out/>
</testsuite> <!-- com.qa.sut.testClasses.HomeTest -->
